\BOOKMARK [0][-]{chapter.1}{\376\377\000C\000o\000n\000t\000e\000s\000t}{}% 1
\BOOKMARK [0][-]{chapter.2}{\376\377\000M\000a\000t\000h\000e\000m\000a\000t\000i\000c\000s}{}% 2
\BOOKMARK [1][-]{section.2.1}{\376\377\000E\000q\000u\000a\000t\000i\000o\000n\000s}{chapter.2}% 3
\BOOKMARK [1][-]{section.2.2}{\376\377\000C\000e\000i\000l\000s\000\040\000a\000n\000d\000\040\000F\000l\000o\000o\000r\000s}{chapter.2}% 4
\BOOKMARK [1][-]{section.2.3}{\376\377\000R\000e\000c\000u\000r\000r\000e\000n\000c\000e\000s}{chapter.2}% 5
\BOOKMARK [1][-]{section.2.4}{\376\377\000T\000r\000i\000g\000o\000n\000o\000m\000e\000t\000r\000y}{chapter.2}% 6
\BOOKMARK [1][-]{section.2.5}{\376\377\000G\000e\000o\000m\000e\000t\000r\000y}{chapter.2}% 7
\BOOKMARK [1][-]{section.2.6}{\376\377\000D\000e\000r\000i\000v\000a\000t\000i\000v\000e\000s\000/\000I\000n\000t\000e\000g\000r\000a\000l\000s}{chapter.2}% 8
\BOOKMARK [1][-]{section.2.7}{\376\377\000S\000u\000m\000s}{chapter.2}% 9
\BOOKMARK [1][-]{section.2.8}{\376\377\000S\000e\000r\000i\000e\000s}{chapter.2}% 10
\BOOKMARK [1][-]{section.2.9}{\376\377\000P\000r\000o\000b\000a\000b\000i\000l\000i\000t\000y\000\040\000t\000h\000e\000o\000r\000y}{chapter.2}% 11
\BOOKMARK [1][-]{section.2.10}{\376\377\000M\000a\000r\000k\000o\000v\000\040\000c\000h\000a\000i\000n\000s}{chapter.2}% 12
\BOOKMARK [1][-]{section.2.11}{\376\377\000T\000r\000i\000v\000i\000a}{chapter.2}% 13
\BOOKMARK [0][-]{chapter.3}{\376\377\000D\000a\000t\000a\000\040\000s\000t\000r\000u\000c\000t\000u\000r\000e\000s}{}% 14
\BOOKMARK [0][-]{chapter.4}{\376\377\000N\000u\000m\000e\000r\000i\000c\000a\000l}{}% 15
\BOOKMARK [1][-]{section.4.1}{\376\377\000P\000o\000l\000y\000n\000o\000m\000i\000a\000l\000s\000\040\000a\000n\000d\000\040\000r\000e\000c\000u\000r\000r\000e\000n\000c\000e\000s}{chapter.4}% 16
\BOOKMARK [1][-]{section.4.2}{\376\377\000F\000o\000u\000r\000i\000e\000r\000\040\000t\000r\000a\000n\000s\000f\000o\000r\000m\000s}{chapter.4}% 17
\BOOKMARK [1][-]{section.4.3}{\376\377\000M\000a\000t\000r\000i\000c\000e\000s}{chapter.4}% 18
\BOOKMARK [1][-]{section.4.4}{\376\377\000O\000p\000t\000i\000m\000i\000z\000a\000t\000i\000o\000n}{chapter.4}% 19
\BOOKMARK [0][-]{chapter.5}{\376\377\000N\000u\000m\000b\000e\000r\000\040\000t\000h\000e\000o\000r\000y}{}% 20
\BOOKMARK [1][-]{section.5.1}{\376\377\000M\000o\000d\000u\000l\000a\000r\000\040\000a\000r\000i\000t\000h\000m\000e\000t\000i\000c}{chapter.5}% 21
\BOOKMARK [1][-]{section.5.2}{\376\377\000P\000r\000i\000m\000a\000l\000i\000t\000y}{chapter.5}% 22
\BOOKMARK [1][-]{section.5.3}{\376\377\000D\000i\000v\000i\000s\000i\000b\000i\000l\000i\000t\000y}{chapter.5}% 23
\BOOKMARK [1][-]{section.5.4}{\376\377\000F\000r\000a\000c\000t\000i\000o\000n\000s}{chapter.5}% 24
\BOOKMARK [1][-]{section.5.5}{\376\377\000M\000o\000b\000i\000u\000s\000\040\000F\000u\000n\000c\000t\000i\000o\000n}{chapter.5}% 25
\BOOKMARK [0][-]{chapter.6}{\376\377\000C\000o\000m\000b\000i\000n\000a\000t\000o\000r\000i\000a\000l}{}% 26
\BOOKMARK [1][-]{section.6.1}{\376\377\000P\000e\000r\000m\000u\000t\000a\000t\000i\000o\000n\000s}{chapter.6}% 27
\BOOKMARK [0][-]{chapter.7}{\376\377\000G\000r\000a\000p\000h}{}% 28
\BOOKMARK [1][-]{section.7.1}{\376\377\000S\000h\000o\000r\000t\000e\000s\000t\000\040\000P\000a\000t\000h\000s}{chapter.7}% 29
\BOOKMARK [1][-]{section.7.2}{\376\377\000N\000e\000t\000w\000o\000r\000k\000\040\000f\000l\000o\000w}{chapter.7}% 30
\BOOKMARK [1][-]{section.7.3}{\376\377\000M\000a\000t\000c\000h\000i\000n\000g}{chapter.7}% 31
\BOOKMARK [1][-]{section.7.4}{\376\377\000D\000F\000S\000\040\000a\000l\000g\000o\000r\000i\000t\000h\000m\000s}{chapter.7}% 32
\BOOKMARK [1][-]{section.7.5}{\376\377\000C\000o\000l\000o\000r\000i\000n\000g}{chapter.7}% 33
\BOOKMARK [1][-]{section.7.6}{\376\377\000H\000e\000u\000r\000i\000s\000t\000i\000c\000s}{chapter.7}% 34
\BOOKMARK [1][-]{section.7.7}{\376\377\000T\000r\000e\000e\000s}{chapter.7}% 35
\BOOKMARK [0][-]{chapter.8}{\376\377\000G\000e\000o\000m\000e\000t\000r\000y}{}% 36
\BOOKMARK [1][-]{section.8.1}{\376\377\000G\000e\000o\000m\000e\000t\000r\000i\000c\000\040\000p\000r\000i\000m\000i\000t\000i\000v\000e\000s}{chapter.8}% 37
\BOOKMARK [1][-]{section.8.2}{\376\377\000C\000i\000r\000c\000l\000e\000s}{chapter.8}% 38
\BOOKMARK [1][-]{section.8.3}{\376\377\000P\000o\000l\000y\000g\000o\000n\000s}{chapter.8}% 39
\BOOKMARK [1][-]{section.8.4}{\376\377\000M\000i\000s\000c\000.\000\040\000P\000o\000i\000n\000t\000\040\000S\000e\000t\000\040\000P\000r\000o\000b\000l\000e\000m\000s}{chapter.8}% 40
\BOOKMARK [1][-]{section.8.5}{\376\377\0003\000D}{chapter.8}% 41
\BOOKMARK [0][-]{chapter.9}{\376\377\000S\000t\000r\000i\000n\000g\000s}{}% 42
\BOOKMARK [0][-]{chapter.10}{\376\377\000V\000a\000r\000i\000o\000u\000s}{}% 43
\BOOKMARK [1][-]{section.10.1}{\376\377\000H\000a\000v\000e\000\040\000y\000o\000u\000\040\000t\000r\000i\000e\000d\000?}{chapter.10}% 44
\BOOKMARK [1][-]{section.10.2}{\376\377\000I\000n\000t\000e\000r\000v\000a\000l\000s}{chapter.10}% 45
\BOOKMARK [1][-]{section.10.3}{\376\377\000M\000i\000s\000c\000e\000l\000l\000a\000n\000e\000o\000u\000s}{chapter.10}% 46
\BOOKMARK [1][-]{section.10.4}{\376\377\000F\000o\000r\000m\000u\000l\000a\000s}{chapter.10}% 47
\BOOKMARK [1][-]{section.10.5}{\376\377\000D\000y\000n\000a\000m\000i\000c\000\040\000p\000r\000o\000g\000r\000a\000m\000m\000i\000n\000g}{chapter.10}% 48
\BOOKMARK [1][-]{section.10.6}{\376\377\000O\000p\000t\000i\000m\000i\000z\000a\000t\000i\000o\000n\000\040\000t\000r\000i\000c\000k\000s}{chapter.10}% 49
